<?xml version="1.0" encoding="UTF-8"?>
<!-- Generated by org.testng.reporters.JUnitReportReporter -->
<testsuite skipped="0" hostname="DESKTOP-3R8RF4R" name="basepackage.Base" tests="1" failures="0" timestamp="03 Jul 2018 18:23:07 GMT" time="17.898" errors="0">
  <testcase name="needs" time="17.898" classname="basepackage.Base"/>
</testsuite> <!-- basepackage.Base -->
